<?xml version="1.0" encoding="UTF-8"?>
<!-- Generated by org.testng.reporters.JUnitXMLReporter -->
<testsuite ignored="0" hostname="LAPTOP-4EBV38TC" failures="0" tests="6" name="Default test" time="7.103" errors="0" timestamp="2024-11-29T12:25:28 TRT">
  <testcase classname="api.test.UserDataDrivenTests" name="testPostuser" time="2.332"/>
  <testcase classname="api.test.UserDataDrivenTests" name="testPostuser" time="0.675"/>
  <testcase classname="api.test.UserDataDrivenTests" name="testPostuser" time="0.725"/>
  <testcase classname="api.test.UserDataDrivenTests" name="testDeleteUserByName" time="0.739"/>
  <testcase classname="api.test.UserDataDrivenTests" name="testDeleteUserByName" time="0.678"/>
  <testcase classname="api.test.UserDataDrivenTests" name="testDeleteUserByName" time="0.693"/>
</testsuite> <!-- Default test -->
