<?xml version="1.0" encoding="UTF-8"?>
<testng-results ignored="0" total="4" passed="4" failed="0" skipped="0">
  <reporter-output>
  </reporter-output>
  <suite started-at="2024-11-29T16:35:53 TRT" name="Default suite" finished-at="2024-11-29T16:35:58 TRT" duration-ms="5464">
    <groups>
    </groups>
    <test started-at="2024-11-29T16:35:53 TRT" name="Default test" finished-at="2024-11-29T16:35:58 TRT" duration-ms="5464">
      <class name="api.test.PetTestsUseProperties">
        <test-method is-config="true" signature="setupData()[pri:0, instance:api.test.PetTestsUseProperties@3eb738bb]" started-at="2024-11-29T16:35:53 TRT" name="setupData" finished-at="2024-11-29T16:35:53 TRT" duration-ms="112" status="PASS">
          <reporter-output>
          </reporter-output>
        </test-method> <!-- setupData -->
        <test-method signature="testPostPet()[pri:1, instance:api.test.PetTestsUseProperties@3eb738bb]" started-at="2024-11-29T16:35:53 TRT" name="testPostPet" finished-at="2024-11-29T16:35:56 TRT" duration-ms="2489" status="PASS">
          <reporter-output>
          </reporter-output>
        </test-method> <!-- testPostPet -->
        <test-method signature="testGetPetById()[pri:2, instance:api.test.PetTestsUseProperties@3eb738bb]" started-at="2024-11-29T16:35:56 TRT" name="testGetPetById" finished-at="2024-11-29T16:35:56 TRT" duration-ms="722" status="PASS">
          <reporter-output>
          </reporter-output>
        </test-method> <!-- testGetPetById -->
        <test-method signature="testUpdatePetById()[pri:3, instance:api.test.PetTestsUseProperties@3eb738bb]" started-at="2024-11-29T16:35:56 TRT" name="testUpdatePetById" finished-at="2024-11-29T16:35:58 TRT" duration-ms="1398" status="PASS">
          <reporter-output>
          </reporter-output>
        </test-method> <!-- testUpdatePetById -->
        <test-method signature="testDeletePetById()[pri:4, instance:api.test.PetTestsUseProperties@3eb738bb]" started-at="2024-11-29T16:35:58 TRT" name="testDeletePetById" finished-at="2024-11-29T16:35:58 TRT" duration-ms="688" status="PASS">
          <reporter-output>
          </reporter-output>
        </test-method> <!-- testDeletePetById -->
      </class> <!-- api.test.PetTestsUseProperties -->
    </test> <!-- Default test -->
  </suite> <!-- Default suite -->
</testng-results>
