<?xml version="1.0" encoding="UTF-8"?>
<!-- Generated by org.testng.reporters.JUnitXMLReporter -->
<testsuite ignored="0" hostname="LAPTOP-4EBV38TC" failures="0" tests="4" name="PetTests" time="5.589" errors="0" timestamp="2024-11-29T12:26:05 TRT">
  <testcase classname="api.test.UserTestsUseProperties" name="testPostUser" time="2.411"/>
  <testcase classname="api.test.UserTestsUseProperties" name="testGetUserByName" time="0.704"/>
  <testcase classname="api.test.UserTestsUseProperties" name="testUpdateUserByName" time="1.384"/>
  <testcase classname="api.test.UserTestsUseProperties" name="testDeleteUserByName" time="0.704"/>
</testsuite> <!-- PetTests -->
